This file contains any messages produced by compilers while
running configure, to aid debugging if configure makes a mistake.

It was created by configure, which was
generated by GNU Autoconf 2.69.  Invocation command line was

  $ ./configure 

## --------- ##
## Platform. ##
## --------- ##

hostname = johnmangui.com.novalocal
uname -m = x86_64
uname -r = 3.10.0-957.1.3.el7.x86_64
uname -s = Linux
uname -v = #1 SMP Thu Nov 29 14:49:43 UTC 2018

/usr/bin/uname -p = x86_64
/bin/uname -X     = unknown

/bin/arch              = x86_64
/usr/bin/arch -k       = unknown
/usr/convex/getsysinfo = unknown
/usr/bin/hostinfo      = unknown
/bin/machine           = unknown
/usr/bin/oslevel       = unknown
/bin/universe          = unknown

PATH: /usr/local/sbin
PATH: /usr/local/bin
PATH: /usr/sbin
PATH: /usr/bin
PATH: /root/bin


## ----------- ##
## Core tests. ##
## ----------- ##

configure:2289: checking for g++
configure:2319: result: no
configure:2289: checking for c++
configure:2319: result: no
configure:2289: checking for gpp
configure:2319: result: no
configure:2289: checking for aCC
configure:2319: result: no
configure:2289: checking for CC
configure:2319: result: no
configure:2289: checking for cxx
configure:2319: result: no
configure:2289: checking for cc++
configure:2319: result: no
configure:2289: checking for cl.exe
configure:2319: result: no
configure:2289: checking for FCC
configure:2319: result: no
configure:2289: checking for KCC
configure:2319: result: no
configure:2289: checking for RCC
configure:2319: result: no
configure:2289: checking for xlC_r
configure:2319: result: no
configure:2289: checking for xlC
configure:2319: result: no
configure:2343: checking for C++ compiler version
configure:2352: g++ --version >&5
./configure: line 2354: g++: command not found
configure:2363: $? = 127
configure:2352: g++ -v >&5
./configure: line 2354: g++: command not found
configure:2363: $? = 127
configure:2352: g++ -V >&5
./configure: line 2354: g++: command not found
configure:2363: $? = 127
configure:2352: g++ -qversion >&5
./configure: line 2354: g++: command not found
configure:2363: $? = 127
configure:2383: checking whether the C++ compiler works
configure:2405: g++    conftest.cpp  >&5
./configure: line 2407: g++: command not found
configure:2409: $? = 127
configure:2447: result: no
configure: failed program was:
| /* confdefs.h */
| #define PACKAGE_NAME ""
| #define PACKAGE_TARNAME ""
| #define PACKAGE_VERSION ""
| #define PACKAGE_STRING ""
| #define PACKAGE_BUGREPORT ""
| #define PACKAGE_URL ""
| /* end confdefs.h.  */
| 
| int
| main ()
| {
| 
|   ;
|   return 0;
| }
configure:2452: error: in `/home/roservers/rAthena0':
configure:2454: error: C++ compiler cannot create executables
See `config.log' for more details

## ---------------- ##
## Cache variables. ##
## ---------------- ##

ac_cv_env_CCC_set=
ac_cv_env_CCC_value=
ac_cv_env_CC_set=
ac_cv_env_CC_value=
ac_cv_env_CFLAGS_set=
ac_cv_env_CFLAGS_value=
ac_cv_env_CPPFLAGS_set=
ac_cv_env_CPPFLAGS_value=
ac_cv_env_CXXCPP_set=
ac_cv_env_CXXCPP_value=
ac_cv_env_CXXFLAGS_set=
ac_cv_env_CXXFLAGS_value=
ac_cv_env_CXX_set=
ac_cv_env_CXX_value=
ac_cv_env_LDFLAGS_set=
ac_cv_env_LDFLAGS_value=
ac_cv_env_LIBS_set=
ac_cv_env_LIBS_value=
ac_cv_env_build_alias_set=
ac_cv_env_build_alias_value=
ac_cv_env_host_alias_set=
ac_cv_env_host_alias_value=
ac_cv_env_target_alias_set=
ac_cv_env_target_alias_value=

## ----------------- ##
## Output variables. ##
## ----------------- ##

AR=''
CC=''
CFLAGS=''
CFLAGS_AR=''
CPPFLAGS=''
CXX='g++'
CXXCPP=''
CXXFLAGS=''
CXXFLAG_CLEARS=''
DEFS=''
DLLEXT=''
ECHO_C=''
ECHO_N='-n'
ECHO_T=''
EGREP=''
EXEEXT=''
GREP=''
HAVE_MYSQL=''
HAVE_PCRE=''
LDFLAGS=''
LIBOBJS=''
LIBS=''
LTLIBOBJS=''
MYSQL_CFLAGS=''
MYSQL_CONFIG_HOME=''
MYSQL_LIBS=''
MYSQL_VERSION=''
OBJEXT=''
OCHR=''
OLOG=''
OMAP=''
PACKAGE_BUGREPORT=''
PACKAGE_NAME=''
PACKAGE_STRING=''
PACKAGE_TARNAME=''
PACKAGE_URL=''
PACKAGE_VERSION=''
PATH_SEPARATOR=':'
PCRE_CFLAGS=''
PCRE_LIBS=''
PCRE_VERSION=''
SET_MAKE=''
SHELL='/bin/sh'
SOFLAGS=''
WITH_PLUGINS=''
ac_ct_CC=''
ac_ct_CXX=''
bindir='${exec_prefix}/bin'
build_alias=''
datadir='${datarootdir}'
datarootdir='${prefix}/share'
docdir='${datarootdir}/doc/${PACKAGE}'
dvidir='${docdir}'
exec_prefix='NONE'
host_alias=''
htmldir='${docdir}'
includedir='${prefix}/include'
infodir='${datarootdir}/info'
libdir='${exec_prefix}/lib'
libexecdir='${exec_prefix}/libexec'
localedir='${datarootdir}/locale'
localstatedir='${prefix}/var'
mandir='${datarootdir}/man'
oldincludedir='/usr/include'
pdfdir='${docdir}'
prefix='NONE'
program_transform_name='s,x,x,'
psdir='${docdir}'
sbindir='${exec_prefix}/sbin'
sharedstatedir='${prefix}/com'
sysconfdir='${prefix}/etc'
target_alias=''

## ----------- ##
## confdefs.h. ##
## ----------- ##

/* confdefs.h */
#define PACKAGE_NAME ""
#define PACKAGE_TARNAME ""
#define PACKAGE_VERSION ""
#define PACKAGE_STRING ""
#define PACKAGE_BUGREPORT ""
#define PACKAGE_URL ""

configure: exit 77
